\BOOKMARK [1][-]{section.1}{Introduction}{}% 1
\BOOKMARK [1][-]{section.2}{Methodology and Data}{}% 2
\BOOKMARK [2][-]{subsection.2.1}{Challenges of the Dataset}{section.2}% 3
\BOOKMARK [3][-]{subsubsection.2.1.1}{The Dataset}{subsection.2.1}% 4
\BOOKMARK [3][-]{subsubsection.2.1.2}{Stationarity}{subsection.2.1}% 5
\BOOKMARK [3][-]{subsubsection.2.1.3}{Dependencies and Correlations}{subsection.2.1}% 6
\BOOKMARK [2][-]{subsection.2.2}{Gaussian Process Regression}{section.2}% 7
\BOOKMARK [3][-]{subsubsection.2.2.1}{Bayesian Statistics and Non-Parametric Models}{subsection.2.2}% 8
\BOOKMARK [3][-]{subsubsection.2.2.2}{Gaussian Processes}{subsection.2.2}% 9
\BOOKMARK [3][-]{subsubsection.2.2.3}{Forming a Multivariate Gaussian Distribution}{subsection.2.2}% 10
\BOOKMARK [3][-]{subsubsection.2.2.4}{Making Predictions}{subsection.2.2}% 11
\BOOKMARK [3][-]{subsubsection.2.2.5}{Advantages of GPR}{subsection.2.2}% 12
\BOOKMARK [3][-]{subsubsection.2.2.6}{My Methodology}{subsection.2.2}% 13
\BOOKMARK [1][-]{section.3}{Results and Discussion}{}% 14
\BOOKMARK [2][-]{subsection.3.1}{Fitting the Dataset}{section.3}% 15
\BOOKMARK [2][-]{subsection.3.2}{Predictions}{section.3}% 16
\BOOKMARK [2][-]{subsection.3.3}{Error measures}{section.3}% 17
\BOOKMARK [3][-]{subsubsection.3.3.1}{Coefficient of Determination}{subsection.3.3}% 18
\BOOKMARK [3][-]{subsubsection.3.3.2}{Root Mean Squared Error}{subsection.3.3}% 19
\BOOKMARK [3][-]{subsubsection.3.3.3}{Mean Absolute Percentage Error}{subsection.3.3}% 20
\BOOKMARK [1][-]{section.4}{Limitations and Further Work}{}% 21
\BOOKMARK [1][-]{section.5}{Conclusions}{}% 22
